Using pre-set license
Built from '2020.3/release' branch; Version is '2020.3.27f1 (e759542391ea) revision 15161684'; Using compiler version '192528614'; Build Type 'Release'
OS: 'Windows 10  (10.0.19042) 64bit Professional' Language: 'es' Physical Memory: 16326 MB
BatchMode: 1, IsHumanControllingUs: 0, StartBugReporterOnCrash: 0, Is64bit: 1, IsPro: 0

COMMAND LINE ARGUMENTS:
C:\Program Files\Unity\Hub\Editor\2020.3.27f1\Editor\Unity.exe
-adb2
-batchMode
-noUpm
-name
AssetImportWorker0
-projectPath
C:/Users/USER/Desktop/Image Campus/Summerlab/SummerLab2022
-logFile
Logs/AssetImportWorker0.log
-srvPort
1277
Successfully changed project path to: C:/Users/USER/Desktop/Image Campus/Summerlab/SummerLab2022
C:/Users/USER/Desktop/Image Campus/Summerlab/SummerLab2022
Using Asset Import Pipeline V2.
Refreshing native plugins compatible for Editor in 45.22 ms, found 2 plugins.
Preloading 0 native plugins for Editor in 0.00 ms.
Initialize engine version: 2020.3.27f1 (e759542391ea)
[Subsystems] Discovering subsystems at path C:/Program Files/Unity/Hub/Editor/2020.3.27f1/Editor/Data/Resources/UnitySubsystems
[Subsystems] Discovering subsystems at path C:/Users/USER/Desktop/Image Campus/Summerlab/SummerLab2022/Assets
GfxDevice: creating device client; threaded=0
Direct3D:
    Version:  Direct3D 11.0 [level 11.1]
    Renderer: NVIDIA GeForce GTX 970 (ID=0x13c2)
    Vendor:   
    VRAM:     4043 MB
    Driver:   27.21.14.6089
Initialize mono
Mono path[0] = 'C:/Program Files/Unity/Hub/Editor/2020.3.27f1/Editor/Data/Managed'
Mono path[1] = 'C:/Program Files/Unity/Hub/Editor/2020.3.27f1/Editor/Data/MonoBleedingEdge/lib/mono/unityjit'
Mono config path = 'C:/Program Files/Unity/Hub/Editor/2020.3.27f1/Editor/Data/MonoBleedingEdge/etc'
Using monoOptions --debugger-agent=transport=dt_socket,embedding=1,server=y,suspend=n,address=127.0.0.1:56140
Begin MonoManager ReloadAssembly
Registering precompiled unity dll's ...
Register platform support module: C:/Program Files/Unity/Hub/Editor/2020.3.27f1/Editor/Data/PlaybackEngines/WindowsStandaloneSupport/UnityEditor.WindowsStandalone.Extensions.dll
Registered in 0.010430 seconds.
Native extension for WindowsStandalone target not found
Refreshing native plugins compatible for Editor in 40.47 ms, found 2 plugins.
Preloading 0 native plugins for Editor in 0.00 ms.
Mono: successfully reloaded assembly
- Completed reload, in  0.966 seconds
Domain Reload Profiling:
	ReloadAssembly (966ms)
		BeginReloadAssembly (206ms)
			ExecutionOrderSort (0ms)
			DisableScriptedObjects (0ms)
			BackupInstance (0ms)
			ReleaseScriptingObjects (0ms)
			CreateAndSetChildDomain (6ms)
		EndReloadAssembly (601ms)
			LoadAssemblies (193ms)
			RebuildTransferFunctionScriptingTraits (0ms)
			SetupTypeCache (200ms)
			ReleaseScriptCaches (0ms)
			RebuildScriptCaches (37ms)
			SetupLoadedEditorAssemblies (206ms)
				LogAssemblyErrors (0ms)
				InitializePlatformSupportModulesInManaged (5ms)
				SetLoadedEditorAssemblies (0ms)
				RefreshPlugins (41ms)
				BeforeProcessingInitializeOnLoad (23ms)
				ProcessInitializeOnLoadAttributes (102ms)
				ProcessInitializeOnLoadMethodAttributes (35ms)
				AfterProcessingInitializeOnLoad (0ms)
				EditorAssembliesLoaded (0ms)
			ExecutionOrderSort2 (0ms)
			AwakeInstancesAfterBackupRestoration (0ms)
Platform modules already initialized, skipping
Registering precompiled user dll's ...
Registered in 0.011744 seconds.
Begin MonoManager ReloadAssembly
Native extension for WindowsStandalone target not found
Refreshing native plugins compatible for Editor in 0.40 ms, found 2 plugins.
Preloading 0 native plugins for Editor in 0.00 ms.
Mono: successfully reloaded assembly
- Completed reload, in  1.534 seconds
Domain Reload Profiling:
	ReloadAssembly (1535ms)
		BeginReloadAssembly (261ms)
			ExecutionOrderSort (0ms)
			DisableScriptedObjects (6ms)
			BackupInstance (0ms)
			ReleaseScriptingObjects (0ms)
			CreateAndSetChildDomain (24ms)
		EndReloadAssembly (1170ms)
			LoadAssemblies (204ms)
			RebuildTransferFunctionScriptingTraits (0ms)
			SetupTypeCache (394ms)
			ReleaseScriptCaches (0ms)
			RebuildScriptCaches (49ms)
			SetupLoadedEditorAssemblies (457ms)
				LogAssemblyErrors (0ms)
				InitializePlatformSupportModulesInManaged (7ms)
				SetLoadedEditorAssemblies (1ms)
				RefreshPlugins (0ms)
				BeforeProcessingInitializeOnLoad (121ms)
				ProcessInitializeOnLoadAttributes (288ms)
				ProcessInitializeOnLoadMethodAttributes (14ms)
				AfterProcessingInitializeOnLoad (26ms)
				EditorAssembliesLoaded (0ms)
			ExecutionOrderSort2 (0ms)
			AwakeInstancesAfterBackupRestoration (11ms)
Platform modules already initialized, skipping
========================================================================
Worker process is ready to serve import requests
Launched and connected shader compiler UnityShaderCompiler.exe after 0.07 seconds
Refreshing native plugins compatible for Editor in 0.38 ms, found 2 plugins.
Preloading 0 native plugins for Editor in 0.00 ms.
Unloading 1503 Unused Serialized files (Serialized files now loaded: 0)
System memory in use before: 67.6 MB.
System memory in use after: 67.6 MB.

Unloading 19 unused Assets to reduce memory usage. Loaded Objects now: 1935.
Total: 3.458000 ms (FindLiveObjects: 0.196400 ms CreateObjectMapping: 0.129900 ms MarkObjects: 3.062300 ms  DeleteObjects: 0.068100 ms)

AssetImportParameters requested are different than current active one (requested -> active):
  custom:framework-win-MediaFoundation: 216162199b28c13a410421893ffa2e32 -> 
  custom:video-decoder-ogg-theora: a1e56fd34408186e4bbccfd4996cb3dc -> 
  custom:container-muxer-webm: aa71ff27fc2769a1b78a27578f13a17b -> 
  custom:container-demuxer-webm: 4f35f7cbe854078d1ac9338744f61a02 -> 
  custom:container-demuxer-ogg: 62fdf1f143b41e24485cea50d1cbac27 -> 
  custom:video-encoder-webm-vp8: eb34c28f22e8b96e1ab97ce403110664 -> 
  custom:video-decoder-webm-vp8: 9c59270c3fd7afecdb556c50c9e8de78 -> 
  custom:audio-decoder-ogg-vorbis: bf7c407c2cedff20999df2af8eb42d56 -> 
  custom:audio-encoder-webm-vorbis: bf7c407c2cedff20999df2af8eb42d56 -> 
========================================================================
Received Import Request.
  path: Assets
  artifactKey: Guid(00000000000000001000000000000000) Importer(815301076,1909f56bfc062723c751e8b465ee728b)
Start importing Assets using Guid(00000000000000001000000000000000) Importer(815301076,1909f56bfc062723c751e8b465ee728b)  -> (artifact id: '42d402b061de3733987d63b9cc3b64de') in 0.007779 seconds 
  Import took 0.010999 seconds .

========================================================================
Received Import Request.
  Time since last request: 0.000251 seconds.
  path: Assets/Scenes
  artifactKey: Guid(50ab4abcca63f79469169e993e3ab56f) Importer(815301076,1909f56bfc062723c751e8b465ee728b)
Start importing Assets/Scenes using Guid(50ab4abcca63f79469169e993e3ab56f) Importer(815301076,1909f56bfc062723c751e8b465ee728b)  -> (artifact id: '3bb3d5709fa4755f8be22c6e2c4e7e2a') in 0.004934 seconds 
  Import took 0.008882 seconds .

========================================================================
Received Import Request.
  Time since last request: 80.428354 seconds.
  path: Assets/Prefabs
  artifactKey: Guid(d33b06be0b7c23b45bb13ce0cc026d0a) Importer(815301076,1909f56bfc062723c751e8b465ee728b)
Start importing Assets/Prefabs using Guid(d33b06be0b7c23b45bb13ce0cc026d0a) Importer(815301076,1909f56bfc062723c751e8b465ee728b)  -> (artifact id: '1894e466a4d0103fe6f4d83cb06f22af') in 0.006827 seconds 
  Import took 0.010825 seconds .

========================================================================
Received Import Request.
  Time since last request: 20.400908 seconds.
  path: Assets/Materials
  artifactKey: Guid(77884cc341f27d64a9c5608f6e450972) Importer(815301076,1909f56bfc062723c751e8b465ee728b)
Start importing Assets/Materials using Guid(77884cc341f27d64a9c5608f6e450972) Importer(815301076,1909f56bfc062723c751e8b465ee728b)  -> (artifact id: '84c26f1a3b4de7e448e0a09323b31030') in 0.008759 seconds 
  Import took 0.015180 seconds .

========================================================================
Received Import Request.
  Time since last request: 10.158035 seconds.
  path: Assets/Scripts
  artifactKey: Guid(3d266d5ed672df340ae23670d8b33eab) Importer(815301076,1909f56bfc062723c751e8b465ee728b)
Start importing Assets/Scripts using Guid(3d266d5ed672df340ae23670d8b33eab) Importer(815301076,1909f56bfc062723c751e8b465ee728b)  -> (artifact id: '4161e80c3a19828b953ac9e15cc553ea') in 0.006225 seconds 
  Import took 0.010962 seconds .

========================================================================
Received Import Request.
  Time since last request: 10.693492 seconds.
  path: Assets/Models
  artifactKey: Guid(40eb6802121f0d8499ccf56a72ccbec5) Importer(815301076,1909f56bfc062723c751e8b465ee728b)
Start importing Assets/Models using Guid(40eb6802121f0d8499ccf56a72ccbec5) Importer(815301076,1909f56bfc062723c751e8b465ee728b)  -> (artifact id: '9ac80c8efcba2df52cc1a800defa68ac') in 0.005655 seconds 
  Import took 0.009706 seconds .

========================================================================
Received Import Request.
  Time since last request: 13.002240 seconds.
  path: Assets/Scenes/MainMenu.unity
  artifactKey: Guid(73281115760d0234b8792be2e6282d9c) Importer(815301076,1909f56bfc062723c751e8b465ee728b)
Start importing Assets/Scenes/MainMenu.unity using Guid(73281115760d0234b8792be2e6282d9c) Importer(815301076,1909f56bfc062723c751e8b465ee728b)  -> (artifact id: '293847f0ecf6cba1a097976e818ac8dc') in 0.021092 seconds 
  Import took 0.024844 seconds .

========================================================================
Received Import Request.
  Time since last request: 16.326263 seconds.
  path: Assets/Scenes/Gallery.unity
  artifactKey: Guid(aa7711214cdb1774382296701815408e) Importer(815301076,1909f56bfc062723c751e8b465ee728b)
Start importing Assets/Scenes/Gallery.unity using Guid(aa7711214cdb1774382296701815408e) Importer(815301076,1909f56bfc062723c751e8b465ee728b)  -> (artifact id: 'c36e73a5b1848142cc9e876ffcf91991') in 0.006722 seconds 
  Import took 0.012702 seconds .

========================================================================
Received Import Request.
  Time since last request: 39.635740 seconds.
  path: Assets/Scenes/Minigame01-Memotest en movimiento.unity
  artifactKey: Guid(a5f6b1a2b40244649bdaa81a4328a5f7) Importer(815301076,1909f56bfc062723c751e8b465ee728b)
Start importing Assets/Scenes/Minigame01-Memotest en movimiento.unity using Guid(a5f6b1a2b40244649bdaa81a4328a5f7) Importer(815301076,1909f56bfc062723c751e8b465ee728b)  -> (artifact id: '2344ad102484c24bfdae97d7e984d03f') in 0.006554 seconds 
  Import took 0.010096 seconds .

========================================================================
Received Import Request.
  Time since last request: 2529.985080 seconds.
  path: Assets/Scenes/Minigame02-RecordarCamino.unity
  artifactKey: Guid(b79604ebbadf4484381384f21110e453) Importer(815301076,1909f56bfc062723c751e8b465ee728b)
Start importing Assets/Scenes/Minigame02-RecordarCamino.unity using Guid(b79604ebbadf4484381384f21110e453) Importer(815301076,1909f56bfc062723c751e8b465ee728b)  -> (artifact id: '260a6dbbe1f82cbfbaf697f056444d4a') in 0.016543 seconds 
  Import took 0.020923 seconds .

========================================================================
Received Prepare
Registering precompiled user dll's ...
Registered in 0.023528 seconds.
Begin MonoManager ReloadAssembly
Native extension for WindowsStandalone target not found
Refreshing native plugins compatible for Editor in 0.42 ms, found 2 plugins.
Preloading 0 native plugins for Editor in 0.00 ms.
Mono: successfully reloaded assembly
- Completed reload, in  3.510 seconds
Domain Reload Profiling:
	ReloadAssembly (3510ms)
		BeginReloadAssembly (547ms)
			ExecutionOrderSort (0ms)
			DisableScriptedObjects (6ms)
			BackupInstance (0ms)
			ReleaseScriptingObjects (0ms)
			CreateAndSetChildDomain (58ms)
		EndReloadAssembly (2471ms)
			LoadAssemblies (644ms)
			RebuildTransferFunctionScriptingTraits (0ms)
			SetupTypeCache (659ms)
			ReleaseScriptCaches (2ms)
			RebuildScriptCaches (190ms)
			SetupLoadedEditorAssemblies (661ms)
				LogAssemblyErrors (0ms)
				InitializePlatformSupportModulesInManaged (29ms)
				SetLoadedEditorAssemblies (2ms)
				RefreshPlugins (1ms)
				BeforeProcessingInitializeOnLoad (146ms)
				ProcessInitializeOnLoadAttributes (441ms)
				ProcessInitializeOnLoadMethodAttributes (15ms)
				AfterProcessingInitializeOnLoad (28ms)
				EditorAssembliesLoaded (0ms)
			ExecutionOrderSort2 (0ms)
			AwakeInstancesAfterBackupRestoration (8ms)
Platform modules already initialized, skipping
Refreshing native plugins compatible for Editor in 0.44 ms, found 2 plugins.
Preloading 0 native plugins for Editor in 0.00 ms.
Unloading 1513 Unused Serialized files (Serialized files now loaded: 0)
System memory in use before: 69.7 MB.
System memory in use after: 69.2 MB.

Unloading 27 unused Assets to reduce memory usage. Loaded Objects now: 1940.
Total: 8.384500 ms (FindLiveObjects: 0.510700 ms CreateObjectMapping: 0.126300 ms MarkObjects: 7.081200 ms  DeleteObjects: 0.663100 ms)

AssetImportParameters requested are different than current active one (requested -> active):
  custom:framework-win-MediaFoundation: 216162199b28c13a410421893ffa2e32 -> 
  custom:video-decoder-ogg-theora: a1e56fd34408186e4bbccfd4996cb3dc -> 
  custom:container-muxer-webm: aa71ff27fc2769a1b78a27578f13a17b -> 
  custom:container-demuxer-webm: 4f35f7cbe854078d1ac9338744f61a02 -> 
  custom:container-demuxer-ogg: 62fdf1f143b41e24485cea50d1cbac27 -> 
  custom:video-encoder-webm-vp8: eb34c28f22e8b96e1ab97ce403110664 -> 
  custom:video-decoder-webm-vp8: 9c59270c3fd7afecdb556c50c9e8de78 -> 
  custom:audio-decoder-ogg-vorbis: bf7c407c2cedff20999df2af8eb42d56 -> 
  custom:audio-encoder-webm-vorbis: bf7c407c2cedff20999df2af8eb42d56 -> 
========================================================================
Received Import Request.
  Time since last request: 165231.061366 seconds.
  path: Assets/Models/Capsula.obj
  artifactKey: Guid(02f71a078cb617c4fb09d3bcbda0e554) Importer(815301076,1909f56bfc062723c751e8b465ee728b)
Start importing Assets/Models/Capsula.obj using Guid(02f71a078cb617c4fb09d3bcbda0e554) Importer(815301076,1909f56bfc062723c751e8b465ee728b)  -> (artifact id: '71d8f937038d003f7d7ca188eaf1b95f') in 0.433596 seconds 
  Import took 0.439275 seconds .

========================================================================
Received Import Request.
  Time since last request: 16.830705 seconds.
  path: Assets/Scenes/SampleScene.unity
  artifactKey: Guid(9fc0d4010bbf28b4594072e72b8655ab) Importer(815301076,1909f56bfc062723c751e8b465ee728b)
Start importing Assets/Scenes/SampleScene.unity using Guid(9fc0d4010bbf28b4594072e72b8655ab) Importer(815301076,1909f56bfc062723c751e8b465ee728b)  -> (artifact id: '85059f4f9e1a832ed95adaa0d25c5c4c') in 0.007253 seconds 
  Import took 0.013864 seconds .

========================================================================
Received Import Request.
  Time since last request: 32.031042 seconds.
  path: Assets/Models/Gallina.obj
  artifactKey: Guid(f31b634f85a259248a420b96836f7795) Importer(815301076,1909f56bfc062723c751e8b465ee728b)
Start importing Assets/Models/Gallina.obj using Guid(f31b634f85a259248a420b96836f7795) Importer(815301076,1909f56bfc062723c751e8b465ee728b)  -> (artifact id: '967bd79ad3172b642a5a62d61be5bb64') in 0.206562 seconds 
  Import took 0.213769 seconds .

========================================================================
Received Import Request.
  Time since last request: 143.872060 seconds.
  path: Assets/Models/Gallina_cabeza.fbx
  artifactKey: Guid(855f8d14bb31523439908bfc9c42abc5) Importer(815301076,1909f56bfc062723c751e8b465ee728b)
Start importing Assets/Models/Gallina_cabeza.fbx using Guid(855f8d14bb31523439908bfc9c42abc5) Importer(815301076,1909f56bfc062723c751e8b465ee728b)  -> (artifact id: 'd85a67ba99d28ebe0aa79815351ee07b') in 0.099624 seconds 
  Import took 0.105449 seconds .

========================================================================
Received Import Request.
  Time since last request: 144.748576 seconds.
  path: Assets/Materials/Yellow.mat
  artifactKey: Guid(80421c968582afd4689cb232cbee932a) Importer(815301076,1909f56bfc062723c751e8b465ee728b)
Start importing Assets/Materials/Yellow.mat using Guid(80421c968582afd4689cb232cbee932a) Importer(815301076,1909f56bfc062723c751e8b465ee728b)  -> (artifact id: '8d1323d24eca28ad096d041ea8877f1c') in 0.020300 seconds 
  Import took 0.024525 seconds .

========================================================================
Received Import Request.
  Time since last request: 15.115059 seconds.
  path: Assets/Materials/White.mat
  artifactKey: Guid(13a06fc1d0e28d24b9a9ddd87bd2dca1) Importer(815301076,1909f56bfc062723c751e8b465ee728b)
Start importing Assets/Materials/White.mat using Guid(13a06fc1d0e28d24b9a9ddd87bd2dca1) Importer(815301076,1909f56bfc062723c751e8b465ee728b)  -> (artifact id: '8c008993f499c4194bfda6213bedc29d') in 0.015970 seconds 
  Import took 0.020307 seconds .

========================================================================
Received Import Request.
  Time since last request: 13.655921 seconds.
  path: Assets/Materials/Gray.mat
  artifactKey: Guid(de0cc14d1e7b7d54ea5b4baa2a5f233c) Importer(815301076,1909f56bfc062723c751e8b465ee728b)
Start importing Assets/Materials/Gray.mat using Guid(de0cc14d1e7b7d54ea5b4baa2a5f233c) Importer(815301076,1909f56bfc062723c751e8b465ee728b)  -> (artifact id: '552abd8ba765df6931c983d3d167b585') in 0.021794 seconds 
  Import took 0.026841 seconds .

========================================================================
Received Import Request.
  Time since last request: 12.814736 seconds.
  path: Assets/Materials/Black.mat
  artifactKey: Guid(83efa36c581a90741844b6106523c93e) Importer(815301076,1909f56bfc062723c751e8b465ee728b)
Start importing Assets/Materials/Black.mat using Guid(83efa36c581a90741844b6106523c93e) Importer(815301076,1909f56bfc062723c751e8b465ee728b)  -> (artifact id: '381d97435b8a8471620f8596354b401b') in 0.016302 seconds 
  Import took 0.020933 seconds .

========================================================================
Received Import Request.
  Time since last request: 170.029766 seconds.
  path: Assets/Scripts/Characters.cs
  artifactKey: Guid(8e559a87221acbb48998dc3ef4f5cf04) Importer(815301076,1909f56bfc062723c751e8b465ee728b)
Start importing Assets/Scripts/Characters.cs using Guid(8e559a87221acbb48998dc3ef4f5cf04) Importer(815301076,1909f56bfc062723c751e8b465ee728b)  -> (artifact id: 'a9d0fafc91236a8873d3157f35553360') in 0.041844 seconds 
  Import took 0.048950 seconds .

========================================================================
Received Prepare
Registering precompiled user dll's ...
Registered in 0.015998 seconds.
Begin MonoManager ReloadAssembly
Native extension for WindowsStandalone target not found
Refreshing native plugins compatible for Editor in 0.43 ms, found 2 plugins.
Preloading 0 native plugins for Editor in 0.00 ms.
Mono: successfully reloaded assembly
- Completed reload, in  1.657 seconds
Domain Reload Profiling:
	ReloadAssembly (1658ms)
		BeginReloadAssembly (246ms)
			ExecutionOrderSort (0ms)
			DisableScriptedObjects (5ms)
			BackupInstance (0ms)
			ReleaseScriptingObjects (0ms)
			CreateAndSetChildDomain (43ms)
		EndReloadAssembly (1209ms)
			LoadAssemblies (251ms)
			RebuildTransferFunctionScriptingTraits (0ms)
			SetupTypeCache (398ms)
			ReleaseScriptCaches (1ms)
			RebuildScriptCaches (43ms)
			SetupLoadedEditorAssemblies (454ms)
				LogAssemblyErrors (0ms)
				InitializePlatformSupportModulesInManaged (6ms)
				SetLoadedEditorAssemblies (1ms)
				RefreshPlugins (1ms)
				BeforeProcessingInitializeOnLoad (119ms)
				ProcessInitializeOnLoadAttributes (289ms)
				ProcessInitializeOnLoadMethodAttributes (12ms)
				AfterProcessingInitializeOnLoad (26ms)
				EditorAssembliesLoaded (0ms)
			ExecutionOrderSort2 (0ms)
			AwakeInstancesAfterBackupRestoration (9ms)
Platform modules already initialized, skipping
Refreshing native plugins compatible for Editor in 0.38 ms, found 2 plugins.
Preloading 0 native plugins for Editor in 0.00 ms.
Unloading 1514 Unused Serialized files (Serialized files now loaded: 0)
System memory in use before: 74.3 MB.
System memory in use after: 73.7 MB.

Unloading 27 unused Assets to reduce memory usage. Loaded Objects now: 1986.
Total: 3.890900 ms (FindLiveObjects: 0.221500 ms CreateObjectMapping: 0.138200 ms MarkObjects: 3.126400 ms  DeleteObjects: 0.403100 ms)

AssetImportParameters requested are different than current active one (requested -> active):
  custom:framework-win-MediaFoundation: 216162199b28c13a410421893ffa2e32 -> 
  custom:video-decoder-ogg-theora: a1e56fd34408186e4bbccfd4996cb3dc -> 
  custom:container-muxer-webm: aa71ff27fc2769a1b78a27578f13a17b -> 
  custom:container-demuxer-webm: 4f35f7cbe854078d1ac9338744f61a02 -> 
  custom:container-demuxer-ogg: 62fdf1f143b41e24485cea50d1cbac27 -> 
  custom:video-encoder-webm-vp8: eb34c28f22e8b96e1ab97ce403110664 -> 
  custom:video-decoder-webm-vp8: 9c59270c3fd7afecdb556c50c9e8de78 -> 
  custom:audio-decoder-ogg-vorbis: bf7c407c2cedff20999df2af8eb42d56 -> 
  custom:audio-encoder-webm-vorbis: bf7c407c2cedff20999df2af8eb42d56 -> 
========================================================================
Received Prepare
Registering precompiled user dll's ...
Registered in 0.014767 seconds.
Begin MonoManager ReloadAssembly
Native extension for WindowsStandalone target not found
Refreshing native plugins compatible for Editor in 0.39 ms, found 2 plugins.
Preloading 0 native plugins for Editor in 0.00 ms.
Mono: successfully reloaded assembly
- Completed reload, in  1.645 seconds
Domain Reload Profiling:
	ReloadAssembly (1646ms)
		BeginReloadAssembly (276ms)
			ExecutionOrderSort (0ms)
			DisableScriptedObjects (6ms)
			BackupInstance (0ms)
			ReleaseScriptingObjects (0ms)
			CreateAndSetChildDomain (40ms)
		EndReloadAssembly (1247ms)
			LoadAssemblies (258ms)
			RebuildTransferFunctionScriptingTraits (0ms)
			SetupTypeCache (444ms)
			ReleaseScriptCaches (1ms)
			RebuildScriptCaches (50ms)
			SetupLoadedEditorAssemblies (487ms)
				LogAssemblyErrors (0ms)
				InitializePlatformSupportModulesInManaged (6ms)
				SetLoadedEditorAssemblies (1ms)
				RefreshPlugins (0ms)
				BeforeProcessingInitializeOnLoad (136ms)
				ProcessInitializeOnLoadAttributes (299ms)
				ProcessInitializeOnLoadMethodAttributes (16ms)
				AfterProcessingInitializeOnLoad (28ms)
				EditorAssembliesLoaded (0ms)
			ExecutionOrderSort2 (0ms)
			AwakeInstancesAfterBackupRestoration (8ms)
Platform modules already initialized, skipping
Refreshing native plugins compatible for Editor in 0.38 ms, found 2 plugins.
Preloading 0 native plugins for Editor in 0.00 ms.
Unloading 1514 Unused Serialized files (Serialized files now loaded: 0)
System memory in use before: 74.3 MB.
System memory in use after: 73.7 MB.

Unloading 27 unused Assets to reduce memory usage. Loaded Objects now: 1988.
Total: 3.578100 ms (FindLiveObjects: 0.173800 ms CreateObjectMapping: 0.103400 ms MarkObjects: 2.881400 ms  DeleteObjects: 0.418000 ms)

AssetImportParameters requested are different than current active one (requested -> active):
  custom:framework-win-MediaFoundation: 216162199b28c13a410421893ffa2e32 -> 
  custom:video-decoder-ogg-theora: a1e56fd34408186e4bbccfd4996cb3dc -> 
  custom:container-muxer-webm: aa71ff27fc2769a1b78a27578f13a17b -> 
  custom:container-demuxer-webm: 4f35f7cbe854078d1ac9338744f61a02 -> 
  custom:container-demuxer-ogg: 62fdf1f143b41e24485cea50d1cbac27 -> 
  custom:video-encoder-webm-vp8: eb34c28f22e8b96e1ab97ce403110664 -> 
  custom:video-decoder-webm-vp8: 9c59270c3fd7afecdb556c50c9e8de78 -> 
  custom:audio-decoder-ogg-vorbis: bf7c407c2cedff20999df2af8eb42d56 -> 
  custom:audio-encoder-webm-vorbis: bf7c407c2cedff20999df2af8eb42d56 -> 
========================================================================
Received Import Request.
  Time since last request: 1877.318812 seconds.
  path: Assets/Scripts/Characters.cs
  artifactKey: Guid(8e559a87221acbb48998dc3ef4f5cf04) Importer(815301076,1909f56bfc062723c751e8b465ee728b)
Start importing Assets/Scripts/Characters.cs using Guid(8e559a87221acbb48998dc3ef4f5cf04) Importer(815301076,1909f56bfc062723c751e8b465ee728b)  -> (artifact id: 'fa25659262278321a8d9aee8cf110803') in 0.012155 seconds 
  Import took 0.016026 seconds .

========================================================================
Received Import Request.
  Time since last request: 13.474422 seconds.
  path: Assets/ScriptableObjects
  artifactKey: Guid(230ec4dbf953bab4396ba3682a05af87) Importer(815301076,1909f56bfc062723c751e8b465ee728b)
Start importing Assets/ScriptableObjects using Guid(230ec4dbf953bab4396ba3682a05af87) Importer(815301076,1909f56bfc062723c751e8b465ee728b)  -> (artifact id: '97311081149e81769f8df9eacd5b2162') in 0.013053 seconds 
  Import took 0.017281 seconds .

========================================================================
Received Import Request.
  Time since last request: 7.780342 seconds.
  path: Assets/ScriptableObjects/New Characters.asset
  artifactKey: Guid(6421a6fbc3e3a204b888cd62a8557b10) Importer(815301076,1909f56bfc062723c751e8b465ee728b)
Start importing Assets/ScriptableObjects/New Characters.asset using Guid(6421a6fbc3e3a204b888cd62a8557b10) Importer(815301076,1909f56bfc062723c751e8b465ee728b)  -> (artifact id: '397f63ebe9e2133b1ee4e234f9265b20') in 0.022484 seconds 
  Import took 0.030124 seconds .

========================================================================
Received Import Request.
  Time since last request: 13.024132 seconds.
  path: Assets/ScriptableObjects/Character0001.asset
  artifactKey: Guid(6421a6fbc3e3a204b888cd62a8557b10) Importer(815301076,1909f56bfc062723c751e8b465ee728b)
Start importing Assets/ScriptableObjects/Character0001.asset using Guid(6421a6fbc3e3a204b888cd62a8557b10) Importer(815301076,1909f56bfc062723c751e8b465ee728b)  -> (artifact id: 'faefddf2b6722191f7ac55c9c2f0ae4f') in 0.016903 seconds 
  Import took 0.020967 seconds .

========================================================================
Received Import Request.
  Time since last request: 76.568339 seconds.
  path: Assets/Models/Cabezas/Pinguino_cabeza.fbx
  artifactKey: Guid(1c9d2032746642b4d9e2b480ced7629f) Importer(815301076,1909f56bfc062723c751e8b465ee728b)
Start importing Assets/Models/Cabezas/Pinguino_cabeza.fbx using Guid(1c9d2032746642b4d9e2b480ced7629f) Importer(815301076,1909f56bfc062723c751e8b465ee728b)  -> (artifact id: '563d9ef541956997d9446c69d6763de6') in 0.149472 seconds 
  Import took 0.153608 seconds .

========================================================================
Received Import Request.
  Time since last request: 6.954901 seconds.
  path: Assets/Models/Patas/Pelicano_patas.fbx
  artifactKey: Guid(bbf46d56204d4d64389f2516c422d52a) Importer(815301076,1909f56bfc062723c751e8b465ee728b)
Start importing Assets/Models/Patas/Pelicano_patas.fbx using Guid(bbf46d56204d4d64389f2516c422d52a) Importer(815301076,1909f56bfc062723c751e8b465ee728b)  -> (artifact id: '8f7c0d9f72e0fa561ece44108009d9ec') in 0.033570 seconds 
  Import took 0.038327 seconds .

========================================================================
Received Import Request.
  Time since last request: 0.000264 seconds.
  path: Assets/Models/Patas/Pinguino_patas.fbx
  artifactKey: Guid(5c325b2f3b25ef04fad3892cdc44c4a0) Importer(815301076,1909f56bfc062723c751e8b465ee728b)
Start importing Assets/Models/Patas/Pinguino_patas.fbx using Guid(5c325b2f3b25ef04fad3892cdc44c4a0) Importer(815301076,1909f56bfc062723c751e8b465ee728b)  -> (artifact id: '368a233bea9e170bf85c0a6ee1246552') in 0.044461 seconds 
  Import took 0.048521 seconds .

========================================================================
Received Import Request.
  Time since last request: 31.333474 seconds.
  path: Assets/Models/Cuerpos/Gallina_cuerpo.fbx
  artifactKey: Guid(798ff1347225098419ae5340c9d2daad) Importer(815301076,1909f56bfc062723c751e8b465ee728b)
Start importing Assets/Models/Cuerpos/Gallina_cuerpo.fbx using Guid(798ff1347225098419ae5340c9d2daad) Importer(815301076,1909f56bfc062723c751e8b465ee728b)  -> (artifact id: '3b955ec35b1b88edd19e843cb164a585') in 0.050975 seconds 
  Import took 0.095894 seconds .

========================================================================
Received Import Request.
  Time since last request: 0.000292 seconds.
  path: Assets/Models/Cuerpos/Pelicano_cuerpo.fbx
  artifactKey: Guid(7082e6f0f4dd1b94fbf481c30edf960e) Importer(815301076,1909f56bfc062723c751e8b465ee728b)
Start importing Assets/Models/Cuerpos/Pelicano_cuerpo.fbx using Guid(7082e6f0f4dd1b94fbf481c30edf960e) Importer(815301076,1909f56bfc062723c751e8b465ee728b)  -> (artifact id: '167191ac88e536ebcf40ffec6fed00c6') in 0.037140 seconds 
  Import took 0.042541 seconds .

========================================================================
Received Import Request.
  Time since last request: 0.000237 seconds.
  path: Assets/Models/Cuerpos/Pinguino_cuerpo.fbx
  artifactKey: Guid(e545562608872cc45882c4399d10aaae) Importer(815301076,1909f56bfc062723c751e8b465ee728b)
Start importing Assets/Models/Cuerpos/Pinguino_cuerpo.fbx using Guid(e545562608872cc45882c4399d10aaae) Importer(815301076,1909f56bfc062723c751e8b465ee728b)  -> (artifact id: '24923ef6ab44e9c829edd7eaf0df6275') in 0.055054 seconds 
  Import took 0.059574 seconds .

========================================================================
Received Import Request.
  Time since last request: 15.506186 seconds.
  path: Assets/Models/Cabezas/Pelicano_cabeza.fbx
  artifactKey: Guid(92fe856930399a34c8fa1e0a8716ae71) Importer(815301076,1909f56bfc062723c751e8b465ee728b)
Start importing Assets/Models/Cabezas/Pelicano_cabeza.fbx using Guid(92fe856930399a34c8fa1e0a8716ae71) Importer(815301076,1909f56bfc062723c751e8b465ee728b)  -> (artifact id: '184e4fa09c599fd0916261d082952d26') in 0.063954 seconds 
  Import took 0.067843 seconds .

========================================================================
Received Import Request.
  Time since last request: 88.394046 seconds.
  path: Assets/Models/Patas/Gallina_patas.fbx
  artifactKey: Guid(e4199ad580c9e4741983dc24bf315eb0) Importer(815301076,1909f56bfc062723c751e8b465ee728b)
Start importing Assets/Models/Patas/Gallina_patas.fbx using Guid(e4199ad580c9e4741983dc24bf315eb0) Importer(815301076,1909f56bfc062723c751e8b465ee728b)  -> (artifact id: '6c277c8e77186cd4ac657863292ae11d') in 0.027900 seconds 
  Import took 0.031191 seconds .

========================================================================
Received Import Request.
  Time since last request: 504.286089 seconds.
  path: Assets/Models/Patas/Pinguino_patas (1).fbx
  artifactKey: Guid(fc8f05acf34a93741902c11239e3d363) Importer(815301076,1909f56bfc062723c751e8b465ee728b)
Start importing Assets/Models/Patas/Pinguino_patas (1).fbx using Guid(fc8f05acf34a93741902c11239e3d363) Importer(815301076,1909f56bfc062723c751e8b465ee728b)  -> (artifact id: 'e192991744fea2e2e1e7ac0322ab9884') in 0.058006 seconds 
  Import took 0.062328 seconds .

========================================================================
Received Import Request.
  Time since last request: 5.138225 seconds.
  path: Assets/Models/Cuerpos/Pinguino_cuerpo (1).fbx
  artifactKey: Guid(9281eedb74563ee4da5a8c5828ed1164) Importer(815301076,1909f56bfc062723c751e8b465ee728b)
Start importing Assets/Models/Cuerpos/Pinguino_cuerpo (1).fbx using Guid(9281eedb74563ee4da5a8c5828ed1164) Importer(815301076,1909f56bfc062723c751e8b465ee728b)  -> (artifact id: '922061b4c055fd5efc4286f7a7efa053') in 0.061748 seconds 
  Import took 0.066366 seconds .

========================================================================
Received Import Request.
  Time since last request: 28.782134 seconds.
  path: Assets/Models/Cabezas/Pinguino_cabeza (1).fbx
  artifactKey: Guid(5db3cabb5fe2f79429f2380f902bfcbd) Importer(815301076,1909f56bfc062723c751e8b465ee728b)
Start importing Assets/Models/Cabezas/Pinguino_cabeza (1).fbx using Guid(5db3cabb5fe2f79429f2380f902bfcbd) Importer(815301076,1909f56bfc062723c751e8b465ee728b)  -> (artifact id: 'ddeb06d469487cba593c893039f4f1ea') in 0.069758 seconds 
  Import took 0.073731 seconds .

========================================================================
Received Import Request.
  Time since last request: 15.755175 seconds.
  path: Assets/Models/Cabezas/Pelicano_cabeza (1).fbx
  artifactKey: Guid(eaa5f83820babdc4182c068ed77a4848) Importer(815301076,1909f56bfc062723c751e8b465ee728b)
Start importing Assets/Models/Cabezas/Pelicano_cabeza (1).fbx using Guid(eaa5f83820babdc4182c068ed77a4848) Importer(815301076,1909f56bfc062723c751e8b465ee728b)  -> (artifact id: '371dfa18f456cfc1dc454331dffa8891') in 0.093687 seconds 
  Import took 0.098536 seconds .

========================================================================
Received Import Request.
  Time since last request: 6.795761 seconds.
  path: Assets/Models/Patas/Pelicano_patas (1).fbx
  artifactKey: Guid(4fe321ad044ba1744b8e362ea1e49364) Importer(815301076,1909f56bfc062723c751e8b465ee728b)
Start importing Assets/Models/Patas/Pelicano_patas (1).fbx using Guid(4fe321ad044ba1744b8e362ea1e49364) Importer(815301076,1909f56bfc062723c751e8b465ee728b)  -> (artifact id: '6b9123cb083c93e0f5dafdc95fee1946') in 0.034657 seconds 
  Import took 0.037866 seconds .

========================================================================
Received Import Request.
  Time since last request: 50.730142 seconds.
  path: Assets/Models/Cuerpos/Pelicano_cuerpo (1).fbx
  artifactKey: Guid(06bc4194c66e0b04db09cfb37170afec) Importer(815301076,1909f56bfc062723c751e8b465ee728b)
Start importing Assets/Models/Cuerpos/Pelicano_cuerpo (1).fbx using Guid(06bc4194c66e0b04db09cfb37170afec) Importer(815301076,1909f56bfc062723c751e8b465ee728b)  -> (artifact id: 'e3c06cac95d24ec152e8b6bcf1741976') in 0.027623 seconds 
  Import took 0.036398 seconds .

========================================================================
Received Import Request.
  Time since last request: 12.030041 seconds.
  path: Assets/Models/Patas
  artifactKey: Guid(dbbf1237470c1aa46bd271ad3e0bd519) Importer(815301076,1909f56bfc062723c751e8b465ee728b)
Start importing Assets/Models/Patas using Guid(dbbf1237470c1aa46bd271ad3e0bd519) Importer(815301076,1909f56bfc062723c751e8b465ee728b)  -> (artifact id: 'd0e5e15bfdacc888c4ed93ae67970e2b') in 0.007737 seconds 
  Import took 0.016883 seconds .

========================================================================
Received Import Request.
  Time since last request: 12.845655 seconds.
  path: Assets/ScriptableObjects/Character0001 1.asset
  artifactKey: Guid(4a348e39b62f2514abd35583b2089570) Importer(815301076,1909f56bfc062723c751e8b465ee728b)
Start importing Assets/ScriptableObjects/Character0001 1.asset using Guid(4a348e39b62f2514abd35583b2089570) Importer(815301076,1909f56bfc062723c751e8b465ee728b)  -> (artifact id: '1835a8412244c34d91130f76736110af') in 0.011506 seconds 
  Import took 0.015757 seconds .

========================================================================
Received Import Request.
  Time since last request: 0.000383 seconds.
  path: Assets/ScriptableObjects/Character0001.asset
  artifactKey: Guid(6421a6fbc3e3a204b888cd62a8557b10) Importer(815301076,1909f56bfc062723c751e8b465ee728b)
Start importing Assets/ScriptableObjects/Character0001.asset using Guid(6421a6fbc3e3a204b888cd62a8557b10) Importer(815301076,1909f56bfc062723c751e8b465ee728b)  -> (artifact id: '0e178ba03c5b435030a01ba95ec77f9a') in 0.012729 seconds 
  Import took 0.016853 seconds .

========================================================================
Received Import Request.
  Time since last request: 17.171778 seconds.
  path: Assets/ScriptableObjects/Character0002.asset
  artifactKey: Guid(4a348e39b62f2514abd35583b2089570) Importer(815301076,1909f56bfc062723c751e8b465ee728b)
Start importing Assets/ScriptableObjects/Character0002.asset using Guid(4a348e39b62f2514abd35583b2089570) Importer(815301076,1909f56bfc062723c751e8b465ee728b)  -> (artifact id: '15a1cf000029ee7d28a249a5fdf89cae') in 0.016033 seconds 
  Import took 0.020349 seconds .

========================================================================
Received Import Request.
  Time since last request: 43.000723 seconds.
  path: Assets/ScriptableObjects/Character0003.asset
  artifactKey: Guid(1045e2dd3324ad94f982d93afa2abd4b) Importer(815301076,1909f56bfc062723c751e8b465ee728b)
Start importing Assets/ScriptableObjects/Character0003.asset using Guid(1045e2dd3324ad94f982d93afa2abd4b) Importer(815301076,1909f56bfc062723c751e8b465ee728b)  -> (artifact id: '13d08e68722e8379a8c8b6d31bf8314b') in 0.007313 seconds 
  Import took 0.011497 seconds .

========================================================================
Received Import Request.
  Time since last request: 37.393846 seconds.
  path: Assets/ScriptableObjects/Character0004.asset
  artifactKey: Guid(7fe2f0d299cbda14fafea841664b71b0) Importer(815301076,1909f56bfc062723c751e8b465ee728b)
Start importing Assets/ScriptableObjects/Character0004.asset using Guid(7fe2f0d299cbda14fafea841664b71b0) Importer(815301076,1909f56bfc062723c751e8b465ee728b)  -> (artifact id: '332ea6fe6856efef0ec25dbd7506c590') in 0.012592 seconds 
  Import took 0.022721 seconds .

========================================================================
Received Import Request.
  Time since last request: 42.997138 seconds.
  path: Assets/ScriptableObjects/Character0002.asset
  artifactKey: Guid(4a348e39b62f2514abd35583b2089570) Importer(815301076,1909f56bfc062723c751e8b465ee728b)
Start importing Assets/ScriptableObjects/Character0002.asset using Guid(4a348e39b62f2514abd35583b2089570) Importer(815301076,1909f56bfc062723c751e8b465ee728b)  -> (artifact id: '126f6fd52be72f7ba8192a6bafc9cb53') in 0.009034 seconds 
  Import took 0.012752 seconds .

========================================================================
Received Import Request.
  Time since last request: 0.000210 seconds.
  path: Assets/ScriptableObjects/Character0003.asset
  artifactKey: Guid(1045e2dd3324ad94f982d93afa2abd4b) Importer(815301076,1909f56bfc062723c751e8b465ee728b)
Start importing Assets/ScriptableObjects/Character0003.asset using Guid(1045e2dd3324ad94f982d93afa2abd4b) Importer(815301076,1909f56bfc062723c751e8b465ee728b)  -> (artifact id: '9ffed8be6310d0a98fa27698313b92ce') in 0.012579 seconds 
  Import took 0.017103 seconds .

========================================================================
Received Import Request.
  Time since last request: 0.000246 seconds.
  path: Assets/ScriptableObjects/Character0004.asset
  artifactKey: Guid(7fe2f0d299cbda14fafea841664b71b0) Importer(815301076,1909f56bfc062723c751e8b465ee728b)
Start importing Assets/ScriptableObjects/Character0004.asset using Guid(7fe2f0d299cbda14fafea841664b71b0) Importer(815301076,1909f56bfc062723c751e8b465ee728b)  -> (artifact id: '155c82ceabb152491ab7474cd0b06d41') in 0.010942 seconds 
  Import took 0.014828 seconds .

========================================================================
Received Import Request.
  Time since last request: 0.000222 seconds.
  path: Assets/ScriptableObjects/Character0004 1.asset
  artifactKey: Guid(50c82b49e3e9e384ba46ad79921e2a85) Importer(815301076,1909f56bfc062723c751e8b465ee728b)
Start importing Assets/ScriptableObjects/Character0004 1.asset using Guid(50c82b49e3e9e384ba46ad79921e2a85) Importer(815301076,1909f56bfc062723c751e8b465ee728b)  -> (artifact id: '894f34671dc29dfc066e289302bd2e5c') in 0.014662 seconds 
  Import took 0.022190 seconds .

========================================================================
Received Import Request.
  Time since last request: 7.235845 seconds.
  path: Assets/ScriptableObjects/Character0005.asset
  artifactKey: Guid(50c82b49e3e9e384ba46ad79921e2a85) Importer(815301076,1909f56bfc062723c751e8b465ee728b)
Start importing Assets/ScriptableObjects/Character0005.asset using Guid(50c82b49e3e9e384ba46ad79921e2a85) Importer(815301076,1909f56bfc062723c751e8b465ee728b)  -> (artifact id: '9d754f1e67165ae61f3ceb5ec9361973') in 0.012542 seconds 
  Import took 0.017281 seconds .

========================================================================
Received Import Request.
  Time since last request: 10.075358 seconds.
  path: Assets/ScriptableObjects/Character0005 1.asset
  artifactKey: Guid(b6f2c40baefb2cc41853a5547ff03409) Importer(815301076,1909f56bfc062723c751e8b465ee728b)
Start importing Assets/ScriptableObjects/Character0005 1.asset using Guid(b6f2c40baefb2cc41853a5547ff03409) Importer(815301076,1909f56bfc062723c751e8b465ee728b)  -> (artifact id: '556f73b29a0302d43c2537aecb0a4950') in 0.011457 seconds 
  Import took 0.015948 seconds .

========================================================================
Received Import Request.
  Time since last request: 0.000313 seconds.
  path: Assets/ScriptableObjects/Character0005.asset
  artifactKey: Guid(50c82b49e3e9e384ba46ad79921e2a85) Importer(815301076,1909f56bfc062723c751e8b465ee728b)
Start importing Assets/ScriptableObjects/Character0005.asset using Guid(50c82b49e3e9e384ba46ad79921e2a85) Importer(815301076,1909f56bfc062723c751e8b465ee728b)  -> (artifact id: 'c3a624ab2f4766c5f951482e8a85e740') in 0.012886 seconds 
  Import took 0.016883 seconds .

========================================================================
Received Import Request.
  Time since last request: 6.585447 seconds.
  path: Assets/ScriptableObjects/Character0006.asset
  artifactKey: Guid(b6f2c40baefb2cc41853a5547ff03409) Importer(815301076,1909f56bfc062723c751e8b465ee728b)
Start importing Assets/ScriptableObjects/Character0006.asset using Guid(b6f2c40baefb2cc41853a5547ff03409) Importer(815301076,1909f56bfc062723c751e8b465ee728b)  -> (artifact id: 'a3c199efb94676d852f0126ae0aaeb84') in 0.010815 seconds 
  Import took 0.015322 seconds .

========================================================================
Received Import Request.
  Time since last request: 20.207211 seconds.
  path: Assets/ScriptableObjects/Character0006 1.asset
  artifactKey: Guid(2d58198d068046943905ce19ec1f7ace) Importer(815301076,1909f56bfc062723c751e8b465ee728b)
Start importing Assets/ScriptableObjects/Character0006 1.asset using Guid(2d58198d068046943905ce19ec1f7ace) Importer(815301076,1909f56bfc062723c751e8b465ee728b)  -> (artifact id: '8f896b5f583cf6d0869ace4f3b649820') in 0.010821 seconds 
  Import took 0.014580 seconds .

========================================================================
Received Import Request.
  Time since last request: 0.000318 seconds.
  path: Assets/ScriptableObjects/Character0006.asset
  artifactKey: Guid(b6f2c40baefb2cc41853a5547ff03409) Importer(815301076,1909f56bfc062723c751e8b465ee728b)
Start importing Assets/ScriptableObjects/Character0006.asset using Guid(b6f2c40baefb2cc41853a5547ff03409) Importer(815301076,1909f56bfc062723c751e8b465ee728b)  -> (artifact id: '09524f9f575038245b8fbc9e3cff6d16') in 0.009971 seconds 
  Import took 0.014678 seconds .

========================================================================
Received Import Request.
  Time since last request: 18.035834 seconds.
  path: Assets/ScriptableObjects/Character0007.asset
  artifactKey: Guid(b6f2c40baefb2cc41853a5547ff03409) Importer(815301076,1909f56bfc062723c751e8b465ee728b)
Start importing Assets/ScriptableObjects/Character0007.asset using Guid(b6f2c40baefb2cc41853a5547ff03409) Importer(815301076,1909f56bfc062723c751e8b465ee728b)  -> (artifact id: 'a10a89ebb73813805fe5937d68116416') in 0.016926 seconds 
  Import took 0.021311 seconds .

========================================================================
Received Import Request.
  Time since last request: 7.796890 seconds.
  path: Assets/ScriptableObjects/Character0006.asset
  artifactKey: Guid(2d58198d068046943905ce19ec1f7ace) Importer(815301076,1909f56bfc062723c751e8b465ee728b)
Start importing Assets/ScriptableObjects/Character0006.asset using Guid(2d58198d068046943905ce19ec1f7ace) Importer(815301076,1909f56bfc062723c751e8b465ee728b)  -> (artifact id: 'aa375f4a23dc97d4bcd9d1ff12182784') in 0.009831 seconds 
  Import took 0.013377 seconds .

========================================================================
Received Import Request.
  Time since last request: 23.142002 seconds.
  path: Assets/ScriptableObjects/Character0007 1.asset
  artifactKey: Guid(53d31edebd6cf144f97588a0c469a0b9) Importer(815301076,1909f56bfc062723c751e8b465ee728b)
Start importing Assets/ScriptableObjects/Character0007 1.asset using Guid(53d31edebd6cf144f97588a0c469a0b9) Importer(815301076,1909f56bfc062723c751e8b465ee728b)  -> (artifact id: 'aa1814d457ab1ec9df085a9d9ac261e0') in 0.011392 seconds 
  Import took 0.015307 seconds .

========================================================================
Received Import Request.
  Time since last request: 0.000263 seconds.
  path: Assets/ScriptableObjects/Character0007.asset
  artifactKey: Guid(b6f2c40baefb2cc41853a5547ff03409) Importer(815301076,1909f56bfc062723c751e8b465ee728b)
Start importing Assets/ScriptableObjects/Character0007.asset using Guid(b6f2c40baefb2cc41853a5547ff03409) Importer(815301076,1909f56bfc062723c751e8b465ee728b)  -> (artifact id: '5f4491a412d704c78d0190f631928976') in 0.010535 seconds 
  Import took 0.015556 seconds .

========================================================================
Received Import Request.
  Time since last request: 5.383636 seconds.
  path: Assets/ScriptableObjects/Character0008.asset
  artifactKey: Guid(53d31edebd6cf144f97588a0c469a0b9) Importer(815301076,1909f56bfc062723c751e8b465ee728b)
Start importing Assets/ScriptableObjects/Character0008.asset using Guid(53d31edebd6cf144f97588a0c469a0b9) Importer(815301076,1909f56bfc062723c751e8b465ee728b)  -> (artifact id: 'a5f3a5084cd38386871f213326a85582') in 0.018665 seconds 
  Import took 0.023376 seconds .

========================================================================
Received Import Request.
  Time since last request: 201.778776 seconds.
  path: Assets/ScriptableObjects/Character0008 1.asset
  artifactKey: Guid(8f10e6dc67f34fa4584f90373daa08ad) Importer(815301076,1909f56bfc062723c751e8b465ee728b)
Start importing Assets/ScriptableObjects/Character0008 1.asset using Guid(8f10e6dc67f34fa4584f90373daa08ad) Importer(815301076,1909f56bfc062723c751e8b465ee728b)  -> (artifact id: 'c4deee47a6b43621c78e47f0b13bfbd6') in 0.010489 seconds 
  Import took 0.014780 seconds .

========================================================================
Received Import Request.
  Time since last request: 0.000314 seconds.
  path: Assets/ScriptableObjects/Character0008.asset
  artifactKey: Guid(53d31edebd6cf144f97588a0c469a0b9) Importer(815301076,1909f56bfc062723c751e8b465ee728b)
Start importing Assets/ScriptableObjects/Character0008.asset using Guid(53d31edebd6cf144f97588a0c469a0b9) Importer(815301076,1909f56bfc062723c751e8b465ee728b)  -> (artifact id: '2f954cc63f45213f67d21cdcd0aa4970') in 0.011544 seconds 
  Import took 0.015226 seconds .

========================================================================
Received Import Request.
  Time since last request: 6.458432 seconds.
  path: Assets/ScriptableObjects/Character0009.asset
  artifactKey: Guid(8f10e6dc67f34fa4584f90373daa08ad) Importer(815301076,1909f56bfc062723c751e8b465ee728b)
Start importing Assets/ScriptableObjects/Character0009.asset using Guid(8f10e6dc67f34fa4584f90373daa08ad) Importer(815301076,1909f56bfc062723c751e8b465ee728b)  -> (artifact id: 'ff9034832d6089e2b6192bc5768e440a') in 0.009913 seconds 
  Import took 0.015560 seconds .

========================================================================
Received Import Request.
  Time since last request: 13102.238849 seconds.
  path: Assets/ScriptableObjects/Character0009.asset
  artifactKey: Guid(8f10e6dc67f34fa4584f90373daa08ad) Importer(815301076,1909f56bfc062723c751e8b465ee728b)
Start importing Assets/ScriptableObjects/Character0009.asset using Guid(8f10e6dc67f34fa4584f90373daa08ad) Importer(815301076,1909f56bfc062723c751e8b465ee728b)  -> (artifact id: 'db892e47a2057dfac4e5e52038962fdb') in 0.018590 seconds 
  Import took 0.022945 seconds .

AssetImportWorkerClient::OnTransportError - code=2 error=End of file
